

Microchip MPLAB XC8 Assembler V2.10 build 88905656 
                                                                                               Fri Oct 21 09:44:07 2022

Microchip MPLAB XC8 C Compiler v2.10 (Free license) build 20190730164152 Og1 
     1                           	processor	18F4550
     2                           	fnconf	rparam,??,?,0
     3                           	opt	pw 120
     4                           	opt	flic
     5                           	psect	cinit,global,reloc=2,class=CODE,delta=1
     6                           	psect	cstackCOMRAM,global,class=COMRAM,space=1,delta=1,noexec
     7                           	psect	text0,global,reloc=2,class=CODE,delta=1
     8                           	psect	intsave_regs,global,class=BIGRAM,space=1,delta=1,noexec
     9                           	psect	rparam,global,class=COMRAM,space=1,delta=1,noexec
    10  0000                     
    11                           ; Version 2.10
    12                           ; Generated 31/07/2019 GMT
    13                           ; 
    14                           ; Copyright © 2019, Microchip Technology Inc. and its subsidiaries ("Microchip")
    15                           ; All rights reserved.
    16                           ; 
    17                           ; This software is developed by Microchip Technology Inc. and its subsidiaries ("Microch
      +                          ip").
    18                           ; 
    19                           ; Redistribution and use in source and binary forms, with or without modification, are
    20                           ; permitted provided that the following conditions are met:
    21                           ; 
    22                           ;     1. Redistributions of source code must retain the above copyright notice, this lis
      +                          t of
    23                           ;        conditions and the following disclaimer.
    24                           ; 
    25                           ;     2. Redistributions in binary form must reproduce the above copyright notice, this 
      +                          list
    26                           ;        of conditions and the following disclaimer in the documentation and/or other
    27                           ;        materials provided with the distribution.
    28                           ; 
    29                           ;     3. Microchip's name may not be used to endorse or promote products derived from th
      +                          is
    30                           ;        software without specific prior written permission.
    31                           ; 
    32                           ; THIS SOFTWARE IS PROVIDED BY MICROCHIP "AS IS" AND ANY EXPRESS OR IMPLIED WARRANTIES,
    33                           ; INCLUDING, BUT NOT LIMITED TO, THE IMPLIED WARRANTIES OF MERCHANTABILITY AND FITNESS F
      +                          OR
    34                           ; PURPOSE ARE DISCLAIMED.  IN NO EVENT SHALL MICROCHIP BE LIABLE FOR ANY DIRECT, INDIREC
      +                          T,
    35                           ; INCIDENTAL, SPECIAL, EXEMPLARY, OR CONSEQUENTIAL DAMAGES (INCLUDING BUT NOT LIMITED TO
    36                           ; PROCUREMENT OF SUBSTITUTE GOODS OR SERVICES; LOSS OF USE, DATA OR PROFITS; OR BUSINESS
    37                           ; INTERRUPTION) HOWSOEVER CAUSED AND ON ANY THEORY OF LIABILITY, WHETHER IN CONTRACT, ST
      +                          RICT
    38                           ; LIABILITY, OR TORT (INCLUDING NEGLIGENCE OR OTHERWISE) ARISING IN ANY WAY OUT OF THE U
      +                          SE OF
    39                           ; THIS SOFTWARE, EVEN IF ADVISED OF THE POSSIBILITY OF SUCH DAMAGE.
    40                           ; 
    41                           ; 
    42                           ; Code-generator required, PIC18F4550 Definitions
    43                           ; 
    44                           ; SFR Addresses
    45  0000                     _PORTDbits	set	3971
    46  0000                     _PR2	set	4043
    47  0000                     _T2CONbits	set	4042
    48  0000                     _TRISDbits	set	3989
    49  0000                     _TMR2IF	set	31985
    50                           
    51                           ; #config settings
    52                           
    53                           	psect	cinit
    54  007F86                     __pcinit:
    55                           	opt callstack 0
    56  007F86                     start_initialization:
    57                           	opt callstack 0
    58  007F86                     __initialization:
    59                           	opt callstack 0
    60  007F86                     end_of_initialization:
    61                           	opt callstack 0
    62  007F86                     __end_of__initialization:
    63                           	opt callstack 0
    64  007F86  0100               	movlb	0
    65  007F88  EFC6  F03F         	goto	_main	;jump to C main() function
    66                           
    67                           	psect	cstackCOMRAM
    68  000001                     __pcstackCOMRAM:
    69                           	opt callstack 0
    70  000001                     ??_main:
    71                           
    72                           ; 1 bytes @ 0x0
    73  000001                     	ds	1
    74  000002                     main@conta10ms:
    75                           	opt callstack 0
    76                           
    77                           ; 2 bytes @ 0x1
    78  000002                     	ds	2
    79                           
    80 ;;
    81 ;;Main: autosize = 0, tempsize = 1, incstack = 0, save=0
    82 ;;
    83 ;; *************** function _main *****************
    84 ;; Defined at:
    85 ;;		line 11 in file "main.c"
    86 ;; Parameters:    Size  Location     Type
    87 ;;		None
    88 ;; Auto vars:     Size  Location     Type
    89 ;;  conta10ms       2    1[COMRAM] int 
    90 ;; Return value:  Size  Location     Type
    91 ;;                  1    wreg      void 
    92 ;; Registers used:
    93 ;;		wreg, status,2, status,0
    94 ;; Tracked objects:
    95 ;;		On entry : 0/0
    96 ;;		On exit  : 0/0
    97 ;;		Unchanged: 0/0
    98 ;; Data sizes:     COMRAM   BANK0   BANK1   BANK2   BANK3   BANK4   BANK5   BANK6   BANK7
    99 ;;      Params:         0       0       0       0       0       0       0       0       0
   100 ;;      Locals:         2       0       0       0       0       0       0       0       0
   101 ;;      Temps:          1       0       0       0       0       0       0       0       0
   102 ;;      Totals:         3       0       0       0       0       0       0       0       0
   103 ;;Total ram usage:        3 bytes
   104 ;; This function calls:
   105 ;;		Nothing
   106 ;; This function is called by:
   107 ;;		Startup code after reset
   108 ;; This function uses a non-reentrant model
   109 ;;
   110                           
   111                           	psect	text0
   112  007F8C                     __ptext0:
   113                           	opt callstack 0
   114  007F8C                     _main:
   115                           	opt callstack 31
   116  007F8C                     
   117                           ;main.c: 13:     TRISDbits.RD0 = 0;
   118  007F8C  9095               	bcf	149,0,c	;volatile
   119                           
   120                           ;main.c: 16:     T2CONbits.T2CKPS1 = 1;
   121  007F8E  82CA               	bsf	202,1,c	;volatile
   122                           
   123                           ;main.c: 17:     T2CONbits.T2CKPS0 = 1;
   124  007F90  80CA               	bsf	202,0,c	;volatile
   125                           
   126                           ;main.c: 20:     T2CONbits.T2OUTPS3 = 1;
   127  007F92  8CCA               	bsf	202,6,c	;volatile
   128                           
   129                           ;main.c: 21:     T2CONbits.T2OUTPS2 = 1;
   130  007F94  8ACA               	bsf	202,5,c	;volatile
   131                           
   132                           ;main.c: 22:     T2CONbits.T2OUTPS1 = 1;
   133  007F96  88CA               	bsf	202,4,c	;volatile
   134                           
   135                           ;main.c: 23:     T2CONbits.T2OUTPS0 = 1;
   136  007F98  86CA               	bsf	202,3,c	;volatile
   137  007F9A                     
   138                           ;main.c: 26:     PR2 = 39;
   139  007F9A  0E27               	movlw	39
   140  007F9C  6ECB               	movwf	203,c	;volatile
   141  007F9E                     
   142                           ;main.c: 29:     T2CONbits.TMR2ON = 1;
   143  007F9E  84CA               	bsf	202,2,c	;volatile
   144                           
   145                           ;main.c: 31:     int conta10ms = 0;
   146  007FA0  0E00               	movlw	0
   147  007FA2  6E03               	movwf	(main@conta10ms+1)^0,c
   148  007FA4  0E00               	movlw	0
   149  007FA6  6E02               	movwf	main@conta10ms^0,c
   150  007FA8                     l16:
   151  007FA8  A29E               	btfss	3998,1,c	;volatile
   152  007FAA  EFD9  F03F         	goto	u11
   153  007FAE  EFDB  F03F         	goto	u10
   154  007FB2                     u11:
   155  007FB2  EFD4  F03F         	goto	l16
   156  007FB6                     u10:
   157  007FB6                     
   158                           ;main.c: 36:         TMR2IF = 0;
   159  007FB6  929E               	bcf	3998,1,c	;volatile
   160  007FB8                     
   161                           ;main.c: 38:         conta10ms++;
   162  007FB8  4A02               	infsnz	main@conta10ms^0,f,c
   163  007FBA  2A03               	incf	(main@conta10ms+1)^0,f,c
   164  007FBC                     
   165                           ;main.c: 41:         if (conta10ms == 100) {
   166  007FBC  0E64               	movlw	100
   167  007FBE  1802               	xorwf	main@conta10ms^0,w,c
   168  007FC0  1003               	iorwf	(main@conta10ms+1)^0,w,c
   169  007FC2  A4D8               	btfss	status,2,c
   170  007FC4  EFE6  F03F         	goto	u21
   171  007FC8  EFE8  F03F         	goto	u20
   172  007FCC                     u21:
   173  007FCC  EFD4  F03F         	goto	l16
   174  007FD0                     u20:
   175  007FD0                     
   176                           ;main.c: 42:             conta10ms = 0;
   177  007FD0  0E00               	movlw	0
   178  007FD2  6E03               	movwf	(main@conta10ms+1)^0,c
   179  007FD4  0E00               	movlw	0
   180  007FD6  6E02               	movwf	main@conta10ms^0,c
   181  007FD8                     
   182                           ;main.c: 43:             PORTDbits.RD0 = ~PORTDbits.RD0;
   183  007FD8  B083               	btfsc	131,0,c	;volatile
   184  007FDA  EFF1  F03F         	goto	u31
   185  007FDE  EFF4  F03F         	goto	u30
   186  007FE2                     u31:
   187  007FE2  0E01               	movlw	1
   188  007FE4  EFF5  F03F         	goto	u36
   189  007FE8                     u30:
   190  007FE8  0E00               	movlw	0
   191  007FEA                     u36:
   192  007FEA  0AFF               	xorlw	255
   193  007FEC  6E01               	movwf	??_main^0,c
   194  007FEE  5083               	movf	131,w,c	;volatile
   195  007FF0  1801               	xorwf	??_main^0,w,c
   196  007FF2  0BFE               	andlw	-2
   197  007FF4  1801               	xorwf	??_main^0,w,c
   198  007FF6  6E83               	movwf	131,c	;volatile
   199  007FF8  EFD4  F03F         	goto	l16
   200  007FFC  EF00  F000         	goto	start
   201  008000                     __end_of_main:
   202                           	opt callstack 0
   203  0000                     
   204                           	psect	rparam
   205  0000                     tosu	equ	0xFFF
   206                           tosh	equ	0xFFE
   207                           tosl	equ	0xFFD
   208                           stkptr	equ	0xFFC
   209                           pclatu	equ	0xFFB
   210                           pclath	equ	0xFFA
   211                           pcl	equ	0xFF9
   212                           tblptru	equ	0xFF8
   213                           tblptrh	equ	0xFF7
   214                           tblptrl	equ	0xFF6
   215                           tablat	equ	0xFF5
   216                           prodh	equ	0xFF4
   217                           prodl	equ	0xFF3
   218                           indf0	equ	0xFEF
   219                           postinc0	equ	0xFEE
   220                           postdec0	equ	0xFED
   221                           preinc0	equ	0xFEC
   222                           plusw0	equ	0xFEB
   223                           fsr0h	equ	0xFEA
   224                           fsr0l	equ	0xFE9
   225                           wreg	equ	0xFE8
   226                           indf1	equ	0xFE7
   227                           postinc1	equ	0xFE6
   228                           postdec1	equ	0xFE5
   229                           preinc1	equ	0xFE4
   230                           plusw1	equ	0xFE3
   231                           fsr1h	equ	0xFE2
   232                           fsr1l	equ	0xFE1
   233                           bsr	equ	0xFE0
   234                           indf2	equ	0xFDF
   235                           postinc2	equ	0xFDE
   236                           postdec2	equ	0xFDD
   237                           preinc2	equ	0xFDC
   238                           plusw2	equ	0xFDB
   239                           fsr2h	equ	0xFDA
   240                           fsr2l	equ	0xFD9
   241                           status	equ	0xFD8


Data Sizes:
    Strings     0
    Constant    0
    Data        0
    BSS         0
    Persistent  0
    Stack       0

Auto Spaces:
    Space          Size  Autos    Used
    COMRAM           95      3       3
    BANK0           160      0       0
    BANK1           256      0       0
    BANK2           256      0       0
    BANK3           256      0       0
    BANK4           256      0       0
    BANK5           256      0       0
    BANK6           256      0       0
    BANK7           256      0       0

Pointer List with Targets:

    None.

Critical Paths under _main in COMRAM

    None.

Critical Paths under _main in BANK0

    None.

Critical Paths under _main in BANK1

    None.

Critical Paths under _main in BANK2

    None.

Critical Paths under _main in BANK3

    None.

Critical Paths under _main in BANK4

    None.

Critical Paths under _main in BANK5

    None.

Critical Paths under _main in BANK6

    None.

Critical Paths under _main in BANK7

    None.

Call Graph Tables:

 ---------------------------------------------------------------------------------
 (Depth) Function   	        Calls       Base Space   Used Autos Params    Refs
 ---------------------------------------------------------------------------------
 (0) _main                                                 3     3      0      15
                                              0 COMRAM     3     3      0
 ---------------------------------------------------------------------------------
 Estimated maximum stack depth 0
 ---------------------------------------------------------------------------------

 Call Graph Graphs:

 _main (ROOT)

 Address spaces:
Name               Size   Autos  Total    Cost      Usage
BITCOMRAM           5F      0       0       0        0.0%
EEDATA             100      0       0       0        0.0%
NULL                 0      0       0       0        0.0%
CODE                 0      0       0       0        0.0%
COMRAM              5F      3       3       1        3.2%
STACK                0      0       0       2        0.0%
DATA                 0      0       0       3        0.0%
BITBANK0            A0      0       0       4        0.0%
BANK0               A0      0       0       5        0.0%
BITBANK1           100      0       0       6        0.0%
BANK1              100      0       0       7        0.0%
BITBANK2           100      0       0       8        0.0%
BANK2              100      0       0       9        0.0%
BITBANK3           100      0       0      10        0.0%
BANK3              100      0       0      11        0.0%
BITBANK4           100      0       0      12        0.0%
BANK4              100      0       0      13        0.0%
BITBANK5           100      0       0      14        0.0%
BANK5              100      0       0      15        0.0%
BITBANK6           100      0       0      16        0.0%
BANK6              100      0       0      17        0.0%
BITBANK7           100      0       0      18        0.0%
BANK7              100      0       0      19        0.0%
ABS                  0      0       0      20        0.0%
BIGRAM             7FF      0       0      21        0.0%
BITSFR               0      0       0     200        0.0%
SFR                  0      0       0     200        0.0%


Microchip Technology PIC18 Macro Assembler V2.10 build 88905656 
Symbol Table                                                                                   Fri Oct 21 09:44:07 2022

                     l16 7FA8                       l18 7FB6                       u10 7FB6  
                     u11 7FB2                       u20 7FD0                       u21 7FCC  
                     u30 7FE8                       u31 7FE2                       u36 7FEA  
                    l700 7F9A                      l710 7FD8                      l702 7F9E  
                    l704 7FB8                      l706 7FBC                      l708 7FD0  
                    l698 7F8C                      _PR2 000FCB                     _main 7F8C  
                   start 0000             ___param_bank 000000                    ?_main 0001  
                  status 000FD8          __initialization 7F86             __end_of_main 8000  
                 ??_main 0001            __activetblptr 000000            main@conta10ms 0002  
                 _TMR2IF 007CF1               __accesstop 0060  __end_of__initialization 7F86  
          ___rparam_used 000001           __pcstackCOMRAM 0001                  __Hparam 0000  
                __Lparam 0000                  __pcinit 7F86                  __ramtop 0800  
                __ptext0 7F8C                _T2CONbits 000FCA     end_of_initialization 7F86  
              _PORTDbits 000F83                _TRISDbits 000F95      start_initialization 7F86  
               __Hrparam 0000                 __Lrparam 0000            __size_of_main 0074  
